<?xml version="1.0" encoding="UTF-8"?>
<!DOCTYPE coverage SYSTEM "http://cobertura.sourceforge.net/xml/coverage-04.dtd">
<coverage line-rate="0.6896552" branch-rate="0" lines-covered="60" lines-valid="87" branches-covered="0" branches-valid="0" complexity="0" version="" timestamp="1573571432365">
	<packages>
		<package name="CICD-poc" line-rate="0.6896552" branch-rate="0" complexity="0" line-count="87" line-hits="60">
			<classes>
				<class name="SimpleChaincode" filename="chaincode_01.go" line-rate="0.6896552" branch-rate="0" complexity="0" line-count="87" line-hits="60">
					<methods>
						<method name="Init" signature="" line-rate="0.7826087" branch-rate="0" complexity="0" line-count="0" line-hits="0">
							<lines>
								<line number="22" hits="1"></line>
								<line number="23" hits="1"></line>
								<line number="24" hits="1"></line>
								<line number="25" hits="1"></line>
								<line number="26" hits="1"></line>
								<line number="28" hits="1"></line>
								<line number="29" hits="0"></line>
								<line number="33" hits="1"></line>
								<line number="34" hits="1"></line>
								<line number="35" hits="1"></line>
								<line number="36" hits="0"></line>
								<line number="38" hits="1"></line>
								<line number="39" hits="1"></line>
								<line number="40" hits="1"></line>
								<line number="41" hits="0"></line>
								<line number="43" hits="1"></line>
								<line number="46" hits="1"></line>
								<line number="47" hits="1"></line>
								<line number="48" hits="0"></line>
								<line number="51" hits="1"></line>
								<line number="52" hits="1"></line>
								<line number="53" hits="0"></line>
								<line number="56" hits="1"></line>
							</lines>
						</method>
						<method name="Invoke" signature="" line-rate="0.7777778" branch-rate="0" complexity="0" line-count="0" line-hits="0">
							<lines>
								<line number="60" hits="1"></line>
								<line number="61" hits="1"></line>
								<line number="62" hits="1"></line>
								<line number="64" hits="1"></line>
								<line number="65" hits="1"></line>
								<line number="67" hits="0"></line>
								<line number="68" hits="1"></line>
								<line number="70" hits="1"></line>
								<line number="73" hits="0"></line>
							</lines>
						</method>
						<method name="invoke" signature="" line-rate="0.75757575" branch-rate="0" complexity="0" line-count="0" line-hits="0">
							<lines>
								<line number="78" hits="1"></line>
								<line number="79" hits="1"></line>
								<line number="80" hits="1"></line>
								<line number="81" hits="1"></line>
								<line number="83" hits="1"></line>
								<line number="84" hits="0"></line>
								<line number="87" hits="1"></line>
								<line number="88" hits="1"></line>
								<line number="92" hits="1"></line>
								<line number="93" hits="1"></line>
								<line number="94" hits="0"></line>
								<line number="96" hits="1"></line>
								<line number="97" hits="0"></line>
								<line number="99" hits="1"></line>
								<line number="101" hits="1"></line>
								<line number="102" hits="1"></line>
								<line number="103" hits="0"></line>
								<line number="105" hits="1"></line>
								<line number="106" hits="0"></line>
								<line number="108" hits="1"></line>
								<line number="111" hits="1"></line>
								<line number="112" hits="1"></line>
								<line number="113" hits="0"></line>
								<line number="115" hits="1"></line>
								<line number="116" hits="1"></line>
								<line number="117" hits="1"></line>
								<line number="120" hits="1"></line>
								<line number="121" hits="1"></line>
								<line number="122" hits="0"></line>
								<line number="125" hits="1"></line>
								<line number="126" hits="1"></line>
								<line number="127" hits="0"></line>
								<line number="130" hits="1"></line>
							</lines>
						</method>
						<method name="delete" signature="" line-rate="0" branch-rate="0" complexity="0" line-count="0" line-hits="0">
							<lines>
								<line number="135" hits="0"></line>
								<line number="136" hits="0"></line>
								<line number="139" hits="0"></line>
								<line number="142" hits="0"></line>
								<line number="143" hits="0"></line>
								<line number="144" hits="0"></line>
								<line number="147" hits="0"></line>
							</lines>
						</method>
						<method name="query" signature="" line-rate="0.6666667" branch-rate="0" complexity="0" line-count="0" line-hits="0">
							<lines>
								<line number="152" hits="1"></line>
								<line number="153" hits="1"></line>
								<line number="155" hits="1"></line>
								<line number="156" hits="0"></line>
								<line number="159" hits="1"></line>
								<line number="162" hits="1"></line>
								<line number="163" hits="1"></line>
								<line number="164" hits="0"></line>
								<line number="165" hits="0"></line>
								<line number="168" hits="1"></line>
								<line number="169" hits="0"></line>
								<line number="170" hits="0"></line>
								<line number="173" hits="1"></line>
								<line number="174" hits="1"></line>
								<line number="175" hits="1"></line>
							</lines>
						</method>
					</methods>
					<lines>
						<line number="22" hits="1"></line>
						<line number="23" hits="1"></line>
						<line number="24" hits="1"></line>
						<line number="25" hits="1"></line>
						<line number="26" hits="1"></line>
						<line number="28" hits="1"></line>
						<line number="29" hits="0"></line>
						<line number="33" hits="1"></line>
						<line number="34" hits="1"></line>
						<line number="35" hits="1"></line>
						<line number="36" hits="0"></line>
						<line number="38" hits="1"></line>
						<line number="39" hits="1"></line>
						<line number="40" hits="1"></line>
						<line number="41" hits="0"></line>
						<line number="43" hits="1"></line>
						<line number="46" hits="1"></line>
						<line number="47" hits="1"></line>
						<line number="48" hits="0"></line>
						<line number="51" hits="1"></line>
						<line number="52" hits="1"></line>
						<line number="53" hits="0"></line>
						<line number="56" hits="1"></line>
						<line number="60" hits="1"></line>
						<line number="61" hits="1"></line>
						<line number="62" hits="1"></line>
						<line number="64" hits="1"></line>
						<line number="65" hits="1"></line>
						<line number="67" hits="0"></line>
						<line number="68" hits="1"></line>
						<line number="70" hits="1"></line>
						<line number="73" hits="0"></line>
						<line number="78" hits="1"></line>
						<line number="79" hits="1"></line>
						<line number="80" hits="1"></line>
						<line number="81" hits="1"></line>
						<line number="83" hits="1"></line>
						<line number="84" hits="0"></line>
						<line number="87" hits="1"></line>
						<line number="88" hits="1"></line>
						<line number="92" hits="1"></line>
						<line number="93" hits="1"></line>
						<line number="94" hits="0"></line>
						<line number="96" hits="1"></line>
						<line number="97" hits="0"></line>
						<line number="99" hits="1"></line>
						<line number="101" hits="1"></line>
						<line number="102" hits="1"></line>
						<line number="103" hits="0"></line>
						<line number="105" hits="1"></line>
						<line number="106" hits="0"></line>
						<line number="108" hits="1"></line>
						<line number="111" hits="1"></line>
						<line number="112" hits="1"></line>
						<line number="113" hits="0"></line>
						<line number="115" hits="1"></line>
						<line number="116" hits="1"></line>
						<line number="117" hits="1"></line>
						<line number="120" hits="1"></line>
						<line number="121" hits="1"></line>
						<line number="122" hits="0"></line>
						<line number="125" hits="1"></line>
						<line number="126" hits="1"></line>
						<line number="127" hits="0"></line>
						<line number="130" hits="1"></line>
						<line number="135" hits="0"></line>
						<line number="136" hits="0"></line>
						<line number="139" hits="0"></line>
						<line number="142" hits="0"></line>
						<line number="143" hits="0"></line>
						<line number="144" hits="0"></line>
						<line number="147" hits="0"></line>
						<line number="152" hits="1"></line>
						<line number="153" hits="1"></line>
						<line number="155" hits="1"></line>
						<line number="156" hits="0"></line>
						<line number="159" hits="1"></line>
						<line number="162" hits="1"></line>
						<line number="163" hits="1"></line>
						<line number="164" hits="0"></line>
						<line number="165" hits="0"></line>
						<line number="168" hits="1"></line>
						<line number="169" hits="0"></line>
						<line number="170" hits="0"></line>
						<line number="173" hits="1"></line>
						<line number="174" hits="1"></line>
						<line number="175" hits="1"></line>
					</lines>
				</class>
			</classes>
		</package>
	</packages>
	<sources>
		<source>/Users/mtng/go1.10/src/CICD-poc</source>
	</sources>
</coverage>
